<?xml version="1.0" encoding="UTF-8"?>
<!-- Generated by org.testng.reporters.JUnitXMLReporter -->
<testsuite hostname="lgvn13460" name="androidReal" tests="1" failures="0" timestamp="25 Apr 2016 10:10:06 GMT" time="37.038" errors="0">
  <testcase name="@BeforeMethod beforeMethod" time="0.0" classname="DashboardTest.LoginTest">
    <failure type="org.openqa.selenium.SessionNotCreatedException" message="A new session could not be created. (Original error: An unknown server-side error occurred while processing the command. (Original error: unknown error: com.android.chrome is not installed on device 192.168.56.102:5555
  (Driver info: chromedriver=2.21.371459 (36d3d07f660ff2bc1bf28a75d1cdabed0983e7c4),platform=Windows NT 6.1 SP1 x86_64))) (WARNING: The server did not provide any stacktrace information)
Command duration or timeout: 36.61 seconds
Build info: version: &amp;apos;2.52.0&amp;apos;, revision: &amp;apos;4c2593cfc3689a7fcd7be52549167e5ccc93ad28&amp;apos;, time: &amp;apos;2016-02-11 11:22:43&amp;apos;
System info: host: &amp;apos;lgvn13460&amp;apos;, ip: &amp;apos;192.168.56.1&amp;apos;, os.name: &amp;apos;Windows 7&amp;apos;, os.arch: &amp;apos;amd64&amp;apos;, os.version: &amp;apos;6.1&amp;apos;, java.version: &amp;apos;1.8.0_77&amp;apos;
Driver info: io.appium.java_client.android.AndroidDriver">
      <![CDATA[org.openqa.selenium.SessionNotCreatedException: A new session could not be created. (Original error: An unknown server-side error occurred while processing the command. (Original error: unknown error: com.android.chrome is not installed on device 192.168.56.102:5555
  (Driver info: chromedriver=2.21.371459 (36d3d07f660ff2bc1bf28a75d1cdabed0983e7c4),platform=Windows NT 6.1 SP1 x86_64))) (WARNING: The server did not provide any stacktrace information)
Command duration or timeout: 36.61 seconds
Build info: version: '2.52.0', revision: '4c2593cfc3689a7fcd7be52549167e5ccc93ad28', time: '2016-02-11 11:22:43'
System info: host: 'lgvn13460', ip: '192.168.56.1', os.name: 'Windows 7', os.arch: 'amd64', os.version: '6.1', java.version: '1.8.0_77'
Driver info: io.appium.java_client.android.AndroidDriver
	at org.openqa.selenium.remote.ErrorHandler.createThrowable(ErrorHandler.java:206)
	at org.openqa.selenium.remote.ErrorHandler.throwIfResponseFailed(ErrorHandler.java:158)
	at org.openqa.selenium.remote.RemoteWebDriver.execute(RemoteWebDriver.java:678)
	at io.appium.java_client.AppiumDriver.execute(AppiumDriver.java:180)
	at org.openqa.selenium.remote.RemoteWebDriver.startSession(RemoteWebDriver.java:249)
	at org.openqa.selenium.remote.RemoteWebDriver.<init>(RemoteWebDriver.java:131)
	at org.openqa.selenium.remote.RemoteWebDriver.<init>(RemoteWebDriver.java:158)
	at io.appium.java_client.AppiumDriver.<init>(AppiumDriver.java:109)
	at io.appium.java_client.android.AndroidDriver.<init>(AndroidDriver.java:39)
	at com.loginium.driver.mobile.MobileAndroidDriver.<init>(MobileAndroidDriver.java:22)
	at com.loginium.driver.factory.MobileDriverFactory.initWebDriver(MobileDriverFactory.java:20)
	at com.loginium.driver.factory.DriverFactory.createWebDriver(DriverFactory.java:18)
	at com.loginium.driver.DriverManager.createWebDriver(DriverManager.java:42)
	at DashboardTest.TestBase.beforeMethod(TestBase.java:30)
... Removed 30 stack frames]]>
    </failure>
  </testcase> <!-- @BeforeMethod beforeMethod -->
  <testcase name="@AfterMethod afterMethod" time="0.0" classname="DashboardTest.LoginTest">
    <skipped/>
  </testcase> <!-- @AfterMethod afterMethod -->
  <testcase name="" time="0.0" classname="DashboardTest.LoginTest">
    <skipped/>
  </testcase> <!--  -->
</testsuite> <!-- androidReal -->
