<?xml version="1.0" encoding="UTF-8"?>
<!-- Generated by org.testng.reporters.JUnitXMLReporter -->
<testsuite hostname="lgvn13460" name="iPad" tests="2" failures="1" timestamp="20 Apr 2016 08:49:39 GMT" time="51.606" errors="0">
  <testcase name="Login1" time="1.704" classname="DashboardTest.LoginTest"/>
  <testcase name="Login2" time="0.061" classname="DashboardTest.LoginTest">
    <failure type="org.openqa.selenium.NoSuchElementException" message="An element could not be located on the page using the given search parameters. (WARNING: The server did not provide any stacktrace information)
Command duration or timeout: 61 milliseconds
For documentation on this error, please visit: http://seleniumhq.org/exceptions/no_such_element.html
Build info: version: &amp;apos;2.52.0&amp;apos;, revision: &amp;apos;4c2593cfc3689a7fcd7be52549167e5ccc93ad28&amp;apos;, time: &amp;apos;2016-02-11 11:22:43&amp;apos;
System info: host: &amp;apos;lgvn13460&amp;apos;, ip: &amp;apos;192.168.56.1&amp;apos;, os.name: &amp;apos;Windows 7&amp;apos;, os.arch: &amp;apos;amd64&amp;apos;, os.version: &amp;apos;6.1&amp;apos;, java.version: &amp;apos;1.8.0_77&amp;apos;
Driver info: io.appium.java_client.ios.IOSDriver
Capabilities [{networkConnectionEnabled=false, safari=true, warnings={}, databaseEnabled=false, deviceName=iPad 1005, platform=MAC, desired={platformVersion=8.3, browserName=SAFARI, platformName=iOS, deviceName=iPad 1005, safariInitialUrl=http://www.google.com}, platformVersion=8.3, webStorageEnabled=false, locationContextEnabled=false, browserName=SAFARI, takesScreenshot=true, javascriptEnabled=true, platformName=iOS, safariInitialUrl=http://www.google.com}]
Session ID: 104a5a9e-f5f2-4533-9c50-75fb9e60eeb5
*** Element info: {Using=xpath, value=//select[@id=&amp;apos;repository&amp;apos;]}">
      <![CDATA[org.openqa.selenium.NoSuchElementException: An element could not be located on the page using the given search parameters. (WARNING: The server did not provide any stacktrace information)
Command duration or timeout: 61 milliseconds
For documentation on this error, please visit: http://seleniumhq.org/exceptions/no_such_element.html
Build info: version: '2.52.0', revision: '4c2593cfc3689a7fcd7be52549167e5ccc93ad28', time: '2016-02-11 11:22:43'
System info: host: 'lgvn13460', ip: '192.168.56.1', os.name: 'Windows 7', os.arch: 'amd64', os.version: '6.1', java.version: '1.8.0_77'
Driver info: io.appium.java_client.ios.IOSDriver
Capabilities [{networkConnectionEnabled=false, safari=true, warnings={}, databaseEnabled=false, deviceName=iPad 1005, platform=MAC, desired={platformVersion=8.3, browserName=SAFARI, platformName=iOS, deviceName=iPad 1005, safariInitialUrl=http://www.google.com}, platformVersion=8.3, webStorageEnabled=false, locationContextEnabled=false, browserName=SAFARI, takesScreenshot=true, javascriptEnabled=true, platformName=iOS, safariInitialUrl=http://www.google.com}]
Session ID: 104a5a9e-f5f2-4533-9c50-75fb9e60eeb5
*** Element info: {Using=xpath, value=//select[@id='repository']}
	at org.openqa.selenium.remote.ErrorHandler.createThrowable(ErrorHandler.java:206)
	at org.openqa.selenium.remote.ErrorHandler.throwIfResponseFailed(ErrorHandler.java:158)
	at org.openqa.selenium.remote.RemoteWebDriver.execute(RemoteWebDriver.java:678)
	at io.appium.java_client.AppiumDriver.execute(AppiumDriver.java:180)
	at org.openqa.selenium.remote.RemoteWebDriver.findElement(RemoteWebDriver.java:363)
	at org.openqa.selenium.remote.RemoteWebDriver.findElementByXPath(RemoteWebDriver.java:500)
	at org.openqa.selenium.By$ByXPath.findElement(By.java:361)
	at org.openqa.selenium.remote.RemoteWebDriver.findElement(RemoteWebDriver.java:355)
	at com.loginium.driver.DriverBase.findElement(DriverBase.java:59)
	at com.loginium.element.SelectElement.getSelectElement(SelectElement.java:74)
	at com.loginium.element.SelectElement.selectByVisibleText(SelectElement.java:46)
	at TADashboardPages.LoginPage.submitLoginForm(LoginPage.java:50)
	at TADashboardPages.LoginPage.loginWithInValidAccount(LoginPage.java:44)
	at DashboardTest.LoginTest.Login2(LoginTest.java:29)
	at java.util.concurrent.FutureTask.run(Unknown Source)
	at java.util.concurrent.ThreadPoolExecutor.runWorker(Unknown Source)
	at java.util.concurrent.ThreadPoolExecutor$Worker.run(Unknown Source)
	at java.lang.Thread.run(Unknown Source)
... Removed 20 stack frames]]>
    </failure>
  </testcase> <!-- Login2 -->
</testsuite> <!-- iPad -->
